{
  "Cucumber Features": {
    "coverage": {
      "/Users/Zach/Documents/Schoolwork/Colgate/Senior/COSC480/CNS/app/controllers/application_controller.rb": [
        1,
        null,
        null,
        null,
        1,
        1,
        null,
        null,
        null,
        null,
        null,
        1,
        null,
        1,
        0,
        0,
        null,
        null,
        1,
        0,
        null,
        null,
        null,
        1,
        0,
        null,
        null,
        null,
        null,
        1,
        0,
        0,
        null,
        0,
        null,
        null,
        null
      ],
      "/Users/Zach/Documents/Schoolwork/Colgate/Senior/COSC480/CNS/app/helpers/application_helper.rb": [
        1,
        null
      ],
      "/Users/Zach/Documents/Schoolwork/Colgate/Senior/COSC480/CNS/app/helpers/child_helper.rb": [
        1,
        null
      ],
      "/Users/Zach/Documents/Schoolwork/Colgate/Senior/COSC480/CNS/app/helpers/parents_helper.rb": [
        1,
        null
      ],
      "/Users/Zach/Documents/Schoolwork/Colgate/Senior/COSC480/CNS/app/models/user.rb": [
        1,
        null,
        1,
        1,
        1,
        null,
        1,
        10,
        null,
        null,
        null,
        null,
        null,
        1,
        null,
        null
      ],
      "/Users/Zach/Documents/Schoolwork/Colgate/Senior/COSC480/CNS/app/models/application_record.rb": [
        1,
        1,
        null
      ],
      "/Users/Zach/Documents/Schoolwork/Colgate/Senior/COSC480/CNS/app/models/parent.rb": [
        1,
        1,
        null,
        null,
        1,
        1,
        null,
        null
      ],
      "/Users/Zach/Documents/Schoolwork/Colgate/Senior/COSC480/CNS/app/models/child.rb": [
        1,
        1,
        1,
        1,
        null,
        null
      ],
      "/Users/Zach/Documents/Schoolwork/Colgate/Senior/COSC480/CNS/app/controllers/parents_controller.rb": [
        1,
        null,
        1,
        9,
        9,
        9,
        null,
        null,
        null,
        1,
        0,
        0,
        0,
        null,
        0,
        0,
        null,
        null,
        null,
        1,
        2,
        null,
        null,
        1,
        2,
        2,
        0,
        null,
        null,
        0,
        0,
        0,
        null,
        0,
        null,
        null,
        null,
        0,
        null,
        0,
        0,
        null,
        null,
        null,
        1,
        3,
        3,
        null,
        null,
        1,
        2,
        2,
        2,
        1,
        null,
        1,
        1,
        1,
        1,
        null,
        0,
        0,
        null,
        null,
        null,
        1,
        1,
        3,
        null,
        null,
        1,
        2,
        2,
        1,
        1,
        null,
        null,
        null,
        null,
        null,
        null,
        null,
        null,
        null,
        null,
        null,
        null,
        null,
        null,
        null,
        null,
        null,
        1,
        null,
        null,
        null,
        null,
        null
      ],
      "/Users/Zach/Documents/Schoolwork/Colgate/Senior/COSC480/CNS/app/controllers/children_controller.rb": [
        1,
        null,
        1,
        3,
        null,
        null,
        1,
        0,
        0,
        null,
        null,
        1,
        3,
        3,
        null,
        3,
        null,
        3,
        1,
        2,
        1,
        1,
        1,
        null,
        null,
        3,
        0,
        null,
        3,
        0,
        null,
        3,
        0,
        null,
        3,
        0,
        null,
        3,
        3,
        null,
        3,
        0,
        null,
        null,
        null,
        null,
        1,
        1,
        null,
        1,
        null,
        1,
        null,
        null,
        null,
        1,
        1,
        0,
        null,
        1,
        1,
        null,
        0,
        0,
        null,
        null,
        null,
        1,
        1,
        1,
        null,
        null,
        1,
        1,
        1,
        0,
        0,
        null,
        1,
        null,
        null,
        null
      ],
      "/Users/Zach/Documents/Schoolwork/Colgate/Senior/COSC480/CNS/app/channels/application_cable/channel.rb": [
        0,
        0,
        0,
        0
      ],
      "/Users/Zach/Documents/Schoolwork/Colgate/Senior/COSC480/CNS/app/channels/application_cable/connection.rb": [
        0,
        0,
        0,
        0
      ],
      "/Users/Zach/Documents/Schoolwork/Colgate/Senior/COSC480/CNS/app/controllers/admin/application_controller.rb": [
        null,
        null,
        null,
        null,
        null,
        null,
        0,
        0,
        0,
        null,
        0,
        null,
        0,
        null,
        null,
        null,
        null,
        null,
        null,
        0,
        0
      ],
      "/Users/Zach/Documents/Schoolwork/Colgate/Senior/COSC480/CNS/app/controllers/admin/users_controller.rb": [
        0,
        0,
        null,
        null,
        null,
        null,
        null,
        null,
        null,
        null,
        null,
        null,
        null,
        null,
        null,
        null,
        null,
        null,
        null,
        0,
        0
      ],
      "/Users/Zach/Documents/Schoolwork/Colgate/Senior/COSC480/CNS/app/controllers/users_controller.rb": [
        0,
        0,
        null,
        null,
        null,
        0,
        null,
        null,
        null,
        null,
        null,
        null,
        0,
        0,
        0,
        0,
        null,
        0,
        null,
        null,
        null,
        0,
        null,
        null,
        0,
        null,
        0,
        0,
        0,
        0,
        0,
        0,
        null,
        0,
        0,
        0,
        0,
        0,
        0,
        0,
        0,
        0,
        null,
        0,
        0,
        0,
        0,
        0,
        0,
        null,
        0,
        null,
        0,
        0,
        0,
        null,
        0
      ],
      "/Users/Zach/Documents/Schoolwork/Colgate/Senior/COSC480/CNS/app/controllers/visitors_controller.rb": [
        0,
        null,
        null,
        null,
        0
      ],
      "/Users/Zach/Documents/Schoolwork/Colgate/Senior/COSC480/CNS/app/dashboards/user_dashboard.rb": [
        0,
        null,
        0,
        null,
        null,
        null,
        null,
        null,
        null,
        0,
        0,
        0,
        0,
        0,
        0,
        0,
        0,
        0,
        0,
        0,
        0,
        0,
        0,
        0,
        0,
        0,
        null,
        null,
        null,
        null,
        null,
        null,
        0,
        0,
        0,
        0,
        0,
        0,
        null,
        null,
        null,
        0,
        0,
        0,
        0,
        0,
        0,
        0,
        0,
        0,
        0,
        0,
        0,
        0,
        0,
        0,
        0,
        0,
        null,
        null,
        null,
        null,
        0,
        0,
        0,
        0,
        0,
        0,
        0,
        0,
        0,
        0,
        0,
        0,
        0,
        0,
        null,
        null,
        null,
        null,
        null,
        null,
        null,
        0
      ],
      "/Users/Zach/Documents/Schoolwork/Colgate/Senior/COSC480/CNS/app/jobs/application_job.rb": [
        0,
        0
      ],
      "/Users/Zach/Documents/Schoolwork/Colgate/Senior/COSC480/CNS/app/mailers/application_mailer.rb": [
        0,
        0,
        0,
        0
      ],
      "/Users/Zach/Documents/Schoolwork/Colgate/Senior/COSC480/CNS/app/policies/user_policy.rb": [
        0,
        0,
        null,
        0,
        0,
        0,
        0,
        null,
        0,
        0,
        0,
        null,
        0,
        0,
        0,
        null,
        0,
        0,
        0,
        null,
        0,
        0,
        0,
        0,
        null,
        0
      ],
      "/Users/Zach/Documents/Schoolwork/Colgate/Senior/COSC480/CNS/app/services/create_admin_service.rb": [
        0,
        0,
        0,
        0,
        0,
        0,
        0,
        0,
        0
      ]
    },
    "timestamp": 1511165015
  },
  "RSpec": {
    "coverage": {
      "/Users/Zach/Documents/Schoolwork/Colgate/Senior/COSC480/CNS/app/controllers/application_controller.rb": [
        1,
        null,
        null,
        null,
        1,
        1,
        null,
        null,
        null,
        null,
        null,
        1,
        null,
        1,
        29,
        29,
        null,
        null,
        1,
        3,
        null,
        null,
        null,
        1,
        0,
        null,
        null,
        null,
        null,
        1,
        0,
        0,
        null,
        0,
        null,
        null,
        null
      ],
      "/Users/Zach/Documents/Schoolwork/Colgate/Senior/COSC480/CNS/app/helpers/application_helper.rb": [
        1,
        null
      ],
      "/Users/Zach/Documents/Schoolwork/Colgate/Senior/COSC480/CNS/app/helpers/child_helper.rb": [
        1,
        null
      ],
      "/Users/Zach/Documents/Schoolwork/Colgate/Senior/COSC480/CNS/app/helpers/parents_helper.rb": [
        1,
        null
      ],
      "/Users/Zach/Documents/Schoolwork/Colgate/Senior/COSC480/CNS/app/models/user.rb": [
        1,
        null,
        1,
        1,
        1,
        null,
        1,
        45,
        null,
        null,
        null,
        null,
        null,
        1,
        null,
        null
      ],
      "/Users/Zach/Documents/Schoolwork/Colgate/Senior/COSC480/CNS/app/models/application_record.rb": [
        1,
        1,
        null
      ],
      "/Users/Zach/Documents/Schoolwork/Colgate/Senior/COSC480/CNS/app/policies/user_policy.rb": [
        1,
        1,
        null,
        1,
        10,
        10,
        null,
        null,
        1,
        3,
        null,
        null,
        1,
        3,
        null,
        null,
        1,
        2,
        null,
        null,
        1,
        2,
        1,
        null,
        null,
        null
      ],
      "/Users/Zach/Documents/Schoolwork/Colgate/Senior/COSC480/CNS/app/controllers/users_controller.rb": [
        1,
        1,
        null,
        null,
        null,
        1,
        null,
        null,
        null,
        null,
        null,
        null,
        1,
        1,
        1,
        null,
        null,
        1,
        null,
        null,
        null,
        5,
        null,
        null,
        5,
        null,
        3,
        3,
        null,
        2,
        null,
        null,
        null,
        1,
        0,
        0,
        0,
        0,
        null,
        0,
        null,
        null,
        null,
        1,
        0,
        0,
        0,
        0,
        null,
        null,
        1,
        null,
        1,
        0,
        null,
        null,
        null
      ],
      "/Users/Zach/Documents/Schoolwork/Colgate/Senior/COSC480/CNS/app/models/parent.rb": [
        1,
        1,
        null,
        null,
        1,
        1,
        null,
        null
      ],
      "/Users/Zach/Documents/Schoolwork/Colgate/Senior/COSC480/CNS/app/controllers/parents_controller.rb": [
        1,
        null,
        1,
        0,
        0,
        0,
        null,
        null,
        null,
        1,
        0,
        0,
        0,
        null,
        0,
        0,
        null,
        null,
        null,
        1,
        4,
        null,
        null,
        1,
        0,
        0,
        0,
        null,
        null,
        0,
        0,
        0,
        null,
        0,
        null,
        null,
        null,
        0,
        null,
        0,
        0,
        null,
        null,
        null,
        1,
        0,
        0,
        null,
        null,
        1,
        0,
        0,
        0,
        0,
        null,
        0,
        0,
        0,
        0,
        null,
        0,
        0,
        null,
        null,
        null,
        1,
        1,
        0,
        null,
        null,
        1,
        0,
        0,
        0,
        0,
        null,
        null,
        null,
        null,
        null,
        null,
        null,
        null,
        null,
        null,
        null,
        null,
        null,
        null,
        null,
        null,
        null,
        0,
        null,
        null,
        null,
        null,
        null
      ],
      "/Users/Zach/Documents/Schoolwork/Colgate/Senior/COSC480/CNS/app/controllers/visitors_controller.rb": [
        1,
        null,
        null,
        null,
        null
      ],
      "/Users/Zach/Documents/Schoolwork/Colgate/Senior/COSC480/CNS/app/channels/application_cable/channel.rb": [
        0,
        0,
        0,
        0
      ],
      "/Users/Zach/Documents/Schoolwork/Colgate/Senior/COSC480/CNS/app/channels/application_cable/connection.rb": [
        0,
        0,
        0,
        0
      ],
      "/Users/Zach/Documents/Schoolwork/Colgate/Senior/COSC480/CNS/app/controllers/admin/application_controller.rb": [
        null,
        null,
        null,
        null,
        null,
        null,
        0,
        0,
        0,
        null,
        0,
        null,
        0,
        null,
        null,
        null,
        null,
        null,
        null,
        0,
        0
      ],
      "/Users/Zach/Documents/Schoolwork/Colgate/Senior/COSC480/CNS/app/controllers/admin/users_controller.rb": [
        0,
        0,
        null,
        null,
        null,
        null,
        null,
        null,
        null,
        null,
        null,
        null,
        null,
        null,
        null,
        null,
        null,
        null,
        null,
        0,
        0
      ],
      "/Users/Zach/Documents/Schoolwork/Colgate/Senior/COSC480/CNS/app/controllers/children_controller.rb": [
        0,
        null,
        0,
        0,
        0,
        null,
        0,
        0,
        0,
        0,
        null,
        0,
        0,
        0,
        null,
        0,
        null,
        0,
        0,
        0,
        0,
        0,
        0,
        0,
        null,
        0,
        0,
        0,
        0,
        0,
        0,
        0,
        0,
        0,
        0,
        0,
        0,
        0,
        0,
        0,
        0,
        0,
        0,
        null,
        0,
        null,
        0,
        0,
        null,
        0,
        null,
        0,
        null,
        null,
        null,
        0,
        0,
        0,
        0,
        0,
        0,
        0,
        0,
        0,
        0,
        0,
        null,
        0,
        0,
        0,
        0,
        null,
        0,
        0,
        0,
        0,
        0,
        0,
        0,
        0,
        null,
        0
      ],
      "/Users/Zach/Documents/Schoolwork/Colgate/Senior/COSC480/CNS/app/dashboards/user_dashboard.rb": [
        0,
        null,
        0,
        null,
        null,
        null,
        null,
        null,
        null,
        0,
        0,
        0,
        0,
        0,
        0,
        0,
        0,
        0,
        0,
        0,
        0,
        0,
        0,
        0,
        0,
        0,
        null,
        null,
        null,
        null,
        null,
        null,
        0,
        0,
        0,
        0,
        0,
        0,
        null,
        null,
        null,
        0,
        0,
        0,
        0,
        0,
        0,
        0,
        0,
        0,
        0,
        0,
        0,
        0,
        0,
        0,
        0,
        0,
        null,
        null,
        null,
        null,
        0,
        0,
        0,
        0,
        0,
        0,
        0,
        0,
        0,
        0,
        0,
        0,
        0,
        0,
        null,
        null,
        null,
        null,
        null,
        null,
        null,
        0
      ],
      "/Users/Zach/Documents/Schoolwork/Colgate/Senior/COSC480/CNS/app/jobs/application_job.rb": [
        0,
        0
      ],
      "/Users/Zach/Documents/Schoolwork/Colgate/Senior/COSC480/CNS/app/mailers/application_mailer.rb": [
        0,
        0,
        0,
        0
      ],
      "/Users/Zach/Documents/Schoolwork/Colgate/Senior/COSC480/CNS/app/models/child.rb": [
        0,
        0,
        0,
        0,
        null,
        0
      ],
      "/Users/Zach/Documents/Schoolwork/Colgate/Senior/COSC480/CNS/app/services/create_admin_service.rb": [
        0,
        0,
        0,
        0,
        0,
        0,
        0,
        0,
        0
      ]
    },
    "timestamp": 1511164700
  }
}
